<?xml version="1.0" encoding="UTF-8"?>
<!-- Generated by org.testng.reporters.JUnitReportReporter -->
<testsuite skipped="0" hostname="LAPTOP-7JHQ6NNG" name="MagentoTest" tests="1" failures="0" timestamp="09 Apr 2019 20:13:30 GMT" time="9.595" errors="0">
  <testcase name="validLogin" time="9.595" classname="MagentoTest"/>
</testsuite> <!-- MagentoTest -->
